{"message":"Non je ne crois pas","level":"error"}
{"message":"Non je ne crois pas","level":"error"}
{"message":"Non je ne crois pas","level":"error"}
{"message":"The Input Password is less than or equal to 10 characters long. Please choose a password of more than 10 characters.","level":"error"}
{"message":"Non je ne crois pas","level":"error"}
{"message":"The Input Password is less than or equal to 10 characters long. Please choose a password of more than 10 characters.","level":"error"}
{"message":"The Input Password is less than or equal to 10 characters long. Please choose a password of more than 10 characters.","level":"error"}
{"error":{},"level":"error","message":"uncaughtException: stream.write is not a function\nTypeError: stream.write is not a function\n    at Array.logRequest (D:\\22AvrilRestart\\securite_cesi\\node_modules\\morgan\\index.js:130:14)\n    at listener (D:\\22AvrilRestart\\securite_cesi\\node_modules\\on-finished\\index.js:169:15)\n    at onFinish (D:\\22AvrilRestart\\securite_cesi\\node_modules\\on-finished\\index.js:100:5)\n    at callback (D:\\22AvrilRestart\\securite_cesi\\node_modules\\ee-first\\index.js:55:10)\n    at ServerResponse.onevent (D:\\22AvrilRestart\\securite_cesi\\node_modules\\ee-first\\index.js:93:5)\n    at ServerResponse.emit (events.js:327:22)\n    at onFinish (_http_outgoing.js:766:10)\n    at afterWrite (internal/streams/writable.js:466:5)\n    at afterWriteTick (internal/streams/writable.js:453:10)\n    at processTicksAndRejections (internal/process/task_queues.js:79:21)","stack":"TypeError: stream.write is not a function\n    at Array.logRequest (D:\\22AvrilRestart\\securite_cesi\\node_modules\\morgan\\index.js:130:14)\n    at listener (D:\\22AvrilRestart\\securite_cesi\\node_modules\\on-finished\\index.js:169:15)\n    at onFinish (D:\\22AvrilRestart\\securite_cesi\\node_modules\\on-finished\\index.js:100:5)\n    at callback (D:\\22AvrilRestart\\securite_cesi\\node_modules\\ee-first\\index.js:55:10)\n    at ServerResponse.onevent (D:\\22AvrilRestart\\securite_cesi\\node_modules\\ee-first\\index.js:93:5)\n    at ServerResponse.emit (events.js:327:22)\n    at onFinish (_http_outgoing.js:766:10)\n    at afterWrite (internal/streams/writable.js:466:5)\n    at afterWriteTick (internal/streams/writable.js:453:10)\n    at processTicksAndRejections (internal/process/task_queues.js:79:21)","exception":true,"date":"Thu Apr 22 2021 14:29:21 GMT+0200 (heure d’été d’Europe centrale)","process":{"pid":7740,"uid":null,"gid":null,"cwd":"D:\\22AvrilRestart\\securite_cesi","execPath":"D:\\Espace de travail Cesi\\Nodejs\\node.exe","version":"v14.15.4","argv":["D:\\Espace de travail Cesi\\Nodejs\\node.exe","D:\\22AvrilRestart\\securite_cesi\\server.js"],"memoryUsage":{"rss":70889472,"heapTotal":61292544,"heapUsed":24900576,"external":19889109,"arrayBuffers":18284473}},"os":{"loadavg":[0,0,0],"uptime":190736},"trace":[{"column":14,"file":"D:\\22AvrilRestart\\securite_cesi\\node_modules\\morgan\\index.js","function":"Array.logRequest","line":130,"method":"logRequest","native":false},{"column":15,"file":"D:\\22AvrilRestart\\securite_cesi\\node_modules\\on-finished\\index.js","function":"listener","line":169,"method":null,"native":false},{"column":5,"file":"D:\\22AvrilRestart\\securite_cesi\\node_modules\\on-finished\\index.js","function":"onFinish","line":100,"method":null,"native":false},{"column":10,"file":"D:\\22AvrilRestart\\securite_cesi\\node_modules\\ee-first\\index.js","function":"callback","line":55,"method":null,"native":false},{"column":5,"file":"D:\\22AvrilRestart\\securite_cesi\\node_modules\\ee-first\\index.js","function":"ServerResponse.onevent","line":93,"method":"onevent","native":false},{"column":22,"file":"events.js","function":"ServerResponse.emit","line":327,"method":"emit","native":false},{"column":10,"file":"_http_outgoing.js","function":"onFinish","line":766,"method":null,"native":false},{"column":5,"file":"internal/streams/writable.js","function":"afterWrite","line":466,"method":null,"native":false},{"column":10,"file":"internal/streams/writable.js","function":"afterWriteTick","line":453,"method":null,"native":false},{"column":21,"file":"internal/process/task_queues.js","function":"processTicksAndRejections","line":79,"method":null,"native":false}]}
{"message":"Non je ne crois pas","level":"error"}
{"message":"Non je ne crois pas","level":"error"}
{"message":"Non je ne crois pas","level":"error"}
{"message":"Non je ne crois pas","level":"error"}
{"message":"The Input Password is less than or equal to 10 characters long. Please choose a password of more than 10 characters.","level":"error"}
{"message":"Non je ne crois pas","level":"error"}
{"message":"Non je ne crois pas","level":"error"}
{"message":"Non je ne crois pas","level":"error"}
{"message":"Non je ne crois pas","level":"error"}
{"message":"The Input Password is less than or equal to 10 characters long. Please choose a password of more than 10 characters.","level":"error"}
{"message":"Non je ne crois pas","level":"error"}
{"message":"The Input Password is less than or equal to 10 characters long. Please choose a password of more than 10 characters.","level":"error"}
{"message":"Non je ne crois pas","level":"error"}
2021-05-18T09:51:30.730Z [winstonperso] error: 
2021-05-18T09:51:39.314Z [winstonperso] error: 
2021-05-18T09:52:12.145Z [winstonperso] error: 
2021-05-18T09:53:18.232Z [winstonperso] error: 
2021-05-18T09:54:22.697Z [winstonperso] error: 
2021-05-18T09:54:23.812Z [winstonperso] error: 
2021-05-18T09:54:24.160Z [winstonperso] error: 
2021-05-18T09:54:30.131Z [winstonperso] error: 
2021-05-18T09:58:22.484Z [winstonperso] error: 
2021-05-18T09:59:11.737Z [winstonperso] error: 
2021-05-18T09:59:32.033Z [winstonperso] error: 
2021-05-18T10:02:43.858Z [winstonperso] error: 
2021-05-18T10:03:07.683Z [winstonperso] error: 
2021-05-18T10:03:21.779Z [winstonperso] error: 
2021-05-18T10:04:26.436Z [winstonperso] error: 
2021-05-18T10:06:23.637Z [winstonperso] error: 
2021-05-20T11:30:35.884Z [winstonperso] error: uncaughtException: Listen method has been called more than once without closing.
Error [ERR_SERVER_ALREADY_LISTEN]: Listen method has been called more than once without closing.
    at Server.listen (net.js:1404:11)
    at Object.<anonymous> (C:\Users\flori\Desktop\github\last_test\securite_cesi\server.js:49:8)
    at Module._compile (internal/modules/cjs/loader.js:1063:30)
    at Object.Module._extensions..js (internal/modules/cjs/loader.js:1092:10)
    at Module.load (internal/modules/cjs/loader.js:928:32)
    at Function.Module._load (internal/modules/cjs/loader.js:769:14)
    at Function.executeUserEntryPoint [as runMain] (internal/modules/run_main.js:72:12)
    at internal/main/run_main_module.js:17:47
2021-05-20T11:32:49.278Z [winstonperso] error: uncaughtException: options.port should be >= 0 and < 65536. Received 333333333333.
RangeError [ERR_SOCKET_BAD_PORT]: options.port should be >= 0 and < 65536. Received 333333333333.
    at validatePort (internal/validators.js:211:11)
    at Server.listen (net.js:1444:5)
    at Object.<anonymous> (C:\Users\flori\Desktop\github\last_test\securite_cesi\server.js:49:8)
    at Module._compile (internal/modules/cjs/loader.js:1063:30)
    at Object.Module._extensions..js (internal/modules/cjs/loader.js:1092:10)
    at Module.load (internal/modules/cjs/loader.js:928:32)
    at Function.Module._load (internal/modules/cjs/loader.js:769:14)
    at Function.executeUserEntryPoint [as runMain] (internal/modules/run_main.js:72:12)
    at internal/main/run_main_module.js:17:47
2021-05-20T12:24:46.621Z [winstonperso] error: The Input Password does not have: a minimum of eleven characters, at least one uppercase letter, at least one lowercase letter, at least one number and at least one special character. Please choose a password that fulfills the above criteria for maximum password protection.
2021-05-20T12:25:05.802Z [winstonperso] error: The Input Password does not have: a minimum of eleven characters, at least one uppercase letter, at least one lowercase letter, at least one number and at least one special character. Please choose a password that fulfills the above criteria for maximum password protection.
2021-05-20T12:25:07.553Z [winstonperso] error: The Input Password does not have: a minimum of eleven characters, at least one uppercase letter, at least one lowercase letter, at least one number and at least one special character. Please choose a password that fulfills the above criteria for maximum password protection.
2021-05-20T12:25:08.685Z [winstonperso] error: The Input Password does not have: a minimum of eleven characters, at least one uppercase letter, at least one lowercase letter, at least one number and at least one special character. Please choose a password that fulfills the above criteria for maximum password protection.
2021-05-20T12:25:41.014Z [winstonperso] error: The Input Password does not have: a minimum of eleven characters, at least one uppercase letter, at least one lowercase letter, at least one number and at least one special character. Please choose a password that fulfills the above criteria for maximum password protection.
2021-05-20T12:26:00.730Z [winstonperso] error: The Input Password does not have: a minimum of eleven characters, at least one uppercase letter, at least one lowercase letter, at least one number and at least one special character. Please choose a password that fulfills the above criteria for maximum password protection.
2021-05-20T12:26:23.137Z [winstonperso] error: The Input Password does not have: a minimum of eleven characters, at least one uppercase letter, at least one lowercase letter, at least one number and at least one special character. Please choose a password that fulfills the above criteria for maximum password protection.
2021-05-20T12:27:12.927Z [winstonperso] error: The Input Password does not have: a minimum of eleven characters, at least one uppercase letter, at least one lowercase letter, at least one number and at least one special character. Please choose a password that fulfills the above criteria for maximum password protection.
2021-05-20T12:27:21.335Z [winstonperso] error: The Input Password does not have: a minimum of eleven characters, at least one uppercase letter, at least one lowercase letter, at least one number and at least one special character. Please choose a password that fulfills the above criteria for maximum password protection.
2021-05-20T12:27:37.008Z [winstonperso] error: The Input Password does not have: a minimum of eleven characters, at least one uppercase letter, at least one lowercase letter, at least one number and at least one special character. Please choose a password that fulfills the above criteria for maximum password protection.
